\BOOKMARK [0][]{chapter*.2}{Abstract}{}% 1
\BOOKMARK [0][]{chapter*.2}{Inhaltsverzeichnis}{}% 2
\BOOKMARK [0][]{chapter*.2}{Abbildungsverzeichnis}{}% 3
\BOOKMARK [0][]{section*.3}{Tabellenverzeichnis}{}% 4
\BOOKMARK [0][]{chapter*.4}{Abk\374rzungsverzeichnis}{}% 5
\BOOKMARK [0][]{chapter.1}{1 Einleitung}{}% 6
\BOOKMARK [1][]{section.1.1}{1.1 Strukturen}{chapter.1}% 7
\BOOKMARK [2][]{subsection.1.1.1}{1.1.1 asdasd}{section.1.1}% 8
\BOOKMARK [1][]{section.1.2}{1.2 Beispielabbildungen}{chapter.1}% 9
\BOOKMARK [1][]{section.1.3}{1.3 Beispieltabelle}{chapter.1}% 10
\BOOKMARK [1][]{section.1.4}{1.4 Listings}{chapter.1}% 11
\BOOKMARK [1][]{section.1.5}{1.5 Abk\374rzungen}{chapter.1}% 12
\BOOKMARK [1][]{section.1.6}{1.6 Abgesetztes w\366rtliches Zitat}{chapter.1}% 13
\BOOKMARK [1][]{section.1.7}{1.7 Theoreme}{chapter.1}% 14
\BOOKMARK [0][]{chapter.2}{2 Verwendetes Zeugs}{}% 15
\BOOKMARK [1][]{section.2.1}{2.1 Die Programmiersprache C++}{chapter.2}% 16
\BOOKMARK [0][]{chapter.3}{3 [Eigene Kapitel]}{}% 17
\BOOKMARK [0][]{chapter.4}{4 Ausblick}{}% 18
\BOOKMARK [0][]{chapter.5}{5 Fazit}{}% 19
\BOOKMARK [0][]{chapter*.11}{Literaturverzeichnis}{}% 20
\BOOKMARK [0][]{chapter*.12}{Eidesstattliche Erkl\344rung}{}% 21
